Using pre-set license
Built from '2020.3/staging' branch; Version is '2020.3.28f1 (f5400f52e03f) revision 16072719'; Using compiler version '192528614'; Build Type 'Release'
OS: 'Windows 10  (10.0.19041) 64bit Education' Language: 'ru' Physical Memory: 16344 MB
BatchMode: 1, IsHumanControllingUs: 0, StartBugReporterOnCrash: 0, Is64bit: 1, IsPro: 0

COMMAND LINE ARGUMENTS:
E:\Programms\UnityHub\Editor\2020.3.28f1\Editor\Unity.exe
-adb2
-batchMode
-noUpm
-name
AssetImportWorker0
-projectPath
C:/Users/elarm/Desktop/NTOgame
-logFile
Logs/AssetImportWorker0.log
-srvPort
50819
Successfully changed project path to: C:/Users/elarm/Desktop/NTOgame
C:/Users/elarm/Desktop/NTOgame
Using Asset Import Pipeline V2.
Refreshing native plugins compatible for Editor in 105.42 ms, found 3 plugins.
Preloading 0 native plugins for Editor in 0.00 ms.
Initialize engine version: 2020.3.28f1 (f5400f52e03f)
[Subsystems] Discovering subsystems at path E:/Programms/UnityHub/Editor/2020.3.28f1/Editor/Data/Resources/UnitySubsystems
[Subsystems] Discovering subsystems at path C:/Users/elarm/Desktop/NTOgame/Assets
GfxDevice: creating device client; threaded=0
Direct3D:
    Version:  Direct3D 11.0 [level 11.1]
    Renderer: NVIDIA GeForce GTX 1660 Ti (ID=0x2182)
    Vendor:   
    VRAM:     5991 MB
    Driver:   27.21.14.6663
Initialize mono
Mono path[0] = 'E:/Programms/UnityHub/Editor/2020.3.28f1/Editor/Data/Managed'
Mono path[1] = 'E:/Programms/UnityHub/Editor/2020.3.28f1/Editor/Data/MonoBleedingEdge/lib/mono/unityjit'
Mono config path = 'E:/Programms/UnityHub/Editor/2020.3.28f1/Editor/Data/MonoBleedingEdge/etc'
Using monoOptions --debugger-agent=transport=dt_socket,embedding=1,server=y,suspend=n,address=127.0.0.1:56908
Begin MonoManager ReloadAssembly
Registering precompiled unity dll's ...
Register platform support module: E:/Programms/UnityHub/Editor/2020.3.28f1/Editor/Data/PlaybackEngines/WindowsStandaloneSupport/UnityEditor.WindowsStandalone.Extensions.dll
Registered in 0.001635 seconds.
Native extension for WindowsStandalone target not found
Refreshing native plugins compatible for Editor in 103.41 ms, found 3 plugins.
Preloading 0 native plugins for Editor in 0.00 ms.
Mono: successfully reloaded assembly
- Completed reload, in  1.097 seconds
Domain Reload Profiling:
	ReloadAssembly (1097ms)
		BeginReloadAssembly (133ms)
			ExecutionOrderSort (0ms)
			DisableScriptedObjects (0ms)
			BackupInstance (0ms)
			ReleaseScriptingObjects (0ms)
			CreateAndSetChildDomain (1ms)
		EndReloadAssembly (846ms)
			LoadAssemblies (133ms)
			RebuildTransferFunctionScriptingTraits (0ms)
			SetupTypeCache (276ms)
			ReleaseScriptCaches (0ms)
			RebuildScriptCaches (57ms)
			SetupLoadedEditorAssemblies (321ms)
				LogAssemblyErrors (0ms)
				InitializePlatformSupportModulesInManaged (6ms)
				SetLoadedEditorAssemblies (0ms)
				RefreshPlugins (104ms)
				BeforeProcessingInitializeOnLoad (25ms)
				ProcessInitializeOnLoadAttributes (141ms)
				ProcessInitializeOnLoadMethodAttributes (45ms)
				AfterProcessingInitializeOnLoad (0ms)
				EditorAssembliesLoaded (0ms)
			ExecutionOrderSort2 (0ms)
			AwakeInstancesAfterBackupRestoration (0ms)
Platform modules already initialized, skipping
Registering precompiled user dll's ...
Registered in 0.015828 seconds.
Begin MonoManager ReloadAssembly
Native extension for WindowsStandalone target not found
Refreshing native plugins compatible for Editor in 98.03 ms, found 3 plugins.
Preloading 0 native plugins for Editor in 0.00 ms.
Mono: successfully reloaded assembly
- Completed reload, in  1.987 seconds
Domain Reload Profiling:
	ReloadAssembly (1988ms)
		BeginReloadAssembly (285ms)
			ExecutionOrderSort (0ms)
			DisableScriptedObjects (7ms)
			BackupInstance (0ms)
			ReleaseScriptingObjects (0ms)
			CreateAndSetChildDomain (37ms)
		EndReloadAssembly (1603ms)
			LoadAssemblies (203ms)
			RebuildTransferFunctionScriptingTraits (0ms)
			SetupTypeCache (572ms)
			ReleaseScriptCaches (1ms)
			RebuildScriptCaches (114ms)
			SetupLoadedEditorAssemblies (569ms)
				LogAssemblyErrors (0ms)
				InitializePlatformSupportModulesInManaged (4ms)
				SetLoadedEditorAssemblies (0ms)
				RefreshPlugins (98ms)
				BeforeProcessingInitializeOnLoad (125ms)
				ProcessInitializeOnLoadAttributes (306ms)
				ProcessInitializeOnLoadMethodAttributes (31ms)
				AfterProcessingInitializeOnLoad (4ms)
				EditorAssembliesLoaded (0ms)
			ExecutionOrderSort2 (0ms)
			AwakeInstancesAfterBackupRestoration (11ms)
Platform modules already initialized, skipping
========================================================================
Worker process is ready to serve import requests
Launched and connected shader compiler UnityShaderCompiler.exe after 0.08 seconds
Refreshing native plugins compatible for Editor in 1.35 ms, found 3 plugins.
Preloading 0 native plugins for Editor in 0.00 ms.
Unloading 3042 Unused Serialized files (Serialized files now loaded: 0)
System memory in use before: 169.4 MB.
System memory in use after: 169.6 MB.

Unloading 29 unused Assets to reduce memory usage. Loaded Objects now: 3502.
Total: 6.338600 ms (FindLiveObjects: 0.351200 ms CreateObjectMapping: 0.228600 ms MarkObjects: 5.595800 ms  DeleteObjects: 0.161500 ms)

AssetImportParameters requested are different than current active one (requested -> active):
  custom:framework-win-MediaFoundation: 216162199b28c13a410421893ffa2e32 -> 
  custom:video-decoder-ogg-theora: a1e56fd34408186e4bbccfd4996cb3dc -> 
  custom:container-muxer-webm: aa71ff27fc2769a1b78a27578f13a17b -> 
  custom:container-demuxer-webm: 4f35f7cbe854078d1ac9338744f61a02 -> 
  custom:container-demuxer-ogg: 62fdf1f143b41e24485cea50d1cbac27 -> 
  custom:video-encoder-webm-vp8: eb34c28f22e8b96e1ab97ce403110664 -> 
  custom:video-decoder-webm-vp8: 9c59270c3fd7afecdb556c50c9e8de78 -> 
  custom:audio-decoder-ogg-vorbis: bf7c407c2cedff20999df2af8eb42d56 -> 
  custom:audio-encoder-webm-vorbis: bf7c407c2cedff20999df2af8eb42d56 -> 
========================================================================
Received Import Request.
  path: Assets/Fungus/EditorResources/Textures/process_node_off.png
  artifactKey: Guid(ea3a4228e6c214149bfe5c741b56ae0c) Importer(815301076,1909f56bfc062723c751e8b465ee728b)
Start importing Assets/Fungus/EditorResources/Textures/process_node_off.png using Guid(ea3a4228e6c214149bfe5c741b56ae0c) Importer(815301076,1909f56bfc062723c751e8b465ee728b)  -> (artifact id: '58183c205ff93964ea459dbc69a42f48') in 0.139411 seconds 
  Import took 0.147991 seconds .

========================================================================
Received Import Request.
  Time since last request: 0.000260 seconds.
  path: Assets/Fungus/Fonts/Exo2/Exo2-Bold.ttf
  artifactKey: Guid(38fb69338d588b64ea5f2c219db3056b) Importer(815301076,1909f56bfc062723c751e8b465ee728b)
Start importing Assets/Fungus/Fonts/Exo2/Exo2-Bold.ttf using Guid(38fb69338d588b64ea5f2c219db3056b) Importer(815301076,1909f56bfc062723c751e8b465ee728b)  -> (artifact id: '8c71715a6ec04163803e980041326ca3') in 0.253320 seconds 
  Import took 0.261450 seconds .

========================================================================
Received Import Request.
  Time since last request: 0.000262 seconds.
  path: Assets/Fungus/Fonts/Amaranth/Amaranth-Bold.otf
  artifactKey: Guid(64bd3e45f7a714f16b3c213f55f17fea) Importer(815301076,1909f56bfc062723c751e8b465ee728b)
Start importing Assets/Fungus/Fonts/Amaranth/Amaranth-Bold.otf using Guid(64bd3e45f7a714f16b3c213f55f17fea) Importer(815301076,1909f56bfc062723c751e8b465ee728b)  -> (artifact id: 'cc48c449a118b5e279ee8edda99eb4f4') in 0.032448 seconds 
  Import took 0.040967 seconds .

========================================================================
Received Import Request.
  Time since last request: 0.000240 seconds.
  path: Assets/Fungus/EditorResources/Textures/process_node_on.png
  artifactKey: Guid(c2dceb780784240ccbe8d3cde89f7671) Importer(815301076,1909f56bfc062723c751e8b465ee728b)
Start importing Assets/Fungus/EditorResources/Textures/process_node_on.png using Guid(c2dceb780784240ccbe8d3cde89f7671) Importer(815301076,1909f56bfc062723c751e8b465ee728b)  -> (artifact id: '431da876fce000761766214444fe38d1') in 0.017096 seconds 
  Import took 0.025773 seconds .

========================================================================
Received Import Request.
  Time since last request: 0.000254 seconds.
  path: Assets/TextMesh Pro/Resources/Fonts & Materials/LiberationSans SDF - Fallback.asset
  artifactKey: Guid(2e498d1c8094910479dc3e1b768306a4) Importer(815301076,1909f56bfc062723c751e8b465ee728b)
Start importing Assets/TextMesh Pro/Resources/Fonts & Materials/LiberationSans SDF - Fallback.asset using Guid(2e498d1c8094910479dc3e1b768306a4) Importer(815301076,1909f56bfc062723c751e8b465ee728b)  -> (artifact id: '824048c16fe023a8029ad6b289255227') in 0.078234 seconds 
  Import took 0.103720 seconds .

========================================================================
Received Import Request.
  Time since last request: 0.000223 seconds.
  path: Assets/ToTheHell/Resources/Sprites/icon_1.png
  artifactKey: Guid(bba892cb5f2f12341845db0223f1ac5c) Importer(815301076,1909f56bfc062723c751e8b465ee728b)
Start importing Assets/ToTheHell/Resources/Sprites/icon_1.png using Guid(bba892cb5f2f12341845db0223f1ac5c) Importer(815301076,1909f56bfc062723c751e8b465ee728b)  -> (artifact id: '31ac7cc0b460afb3fc69393535dbcbfb') in 0.036134 seconds 
  Import took 0.043998 seconds .

========================================================================
Received Import Request.
  Time since last request: 0.000237 seconds.
  path: Assets/Fungus/Fonts/Amaranth/Amaranth-BoldItalic.otf
  artifactKey: Guid(30083fe2d35a6490b8f1e57e0d830527) Importer(815301076,1909f56bfc062723c751e8b465ee728b)
Start importing Assets/Fungus/Fonts/Amaranth/Amaranth-BoldItalic.otf using Guid(30083fe2d35a6490b8f1e57e0d830527) Importer(815301076,1909f56bfc062723c751e8b465ee728b)  -> (artifact id: 'f91ff83aa9fbcfaf565398e825043d20') in 0.033098 seconds 
  Import took 0.041178 seconds .

========================================================================
Received Import Request.
  Time since last request: 0.000226 seconds.
  path: Assets/Fungus/Textures/ScreenFade.png
  artifactKey: Guid(f6c7b1f3a78a24703b70c746d8b9c768) Importer(815301076,1909f56bfc062723c751e8b465ee728b)
Start importing Assets/Fungus/Textures/ScreenFade.png using Guid(f6c7b1f3a78a24703b70c746d8b9c768) Importer(815301076,1909f56bfc062723c751e8b465ee728b)  -> (artifact id: 'c27d32683d73654a40e11906a28db54e') in 0.020389 seconds 
  Import took 0.028861 seconds .

========================================================================
Received Import Request.
  Time since last request: 5.165857 seconds.
  path: Assets/ToTheHell/Resources/Fonts/SourceSerifPro-Semibold SDF.asset
  artifactKey: Guid(386110bd3bf72f648a01c6d280d450c0) Importer(815301076,1909f56bfc062723c751e8b465ee728b)
Start importing Assets/ToTheHell/Resources/Fonts/SourceSerifPro-Semibold SDF.asset using Guid(386110bd3bf72f648a01c6d280d450c0) Importer(815301076,1909f56bfc062723c751e8b465ee728b)  -> (artifact id: '7e7c7135a63908626f400830f852148c') in 0.081621 seconds 
  Import took 0.091378 seconds .

========================================================================
Received Import Request.
  Time since last request: 0.162551 seconds.
  path: Assets/Fungus/Textures/SwipePanIcon.png
  artifactKey: Guid(41bc737f4dc1b40db872aca00bcd7d4b) Importer(815301076,1909f56bfc062723c751e8b465ee728b)
Start importing Assets/Fungus/Textures/SwipePanIcon.png using Guid(41bc737f4dc1b40db872aca00bcd7d4b) Importer(815301076,1909f56bfc062723c751e8b465ee728b)  -> (artifact id: '7838ac2d9107a398203fd861cf680c94') in 0.029461 seconds 
  Import took 0.040071 seconds .

========================================================================
Received Import Request.
  Time since last request: 0.268959 seconds.
  path: Assets/Fungus/EditorResources/Icons/up.png
  artifactKey: Guid(8f1242ad894201f43b2b6d52fd990f77) Importer(815301076,1909f56bfc062723c751e8b465ee728b)
Start importing Assets/Fungus/EditorResources/Icons/up.png using Guid(8f1242ad894201f43b2b6d52fd990f77) Importer(815301076,1909f56bfc062723c751e8b465ee728b)  -> (artifact id: '9af09d6d721191b8cadc17db3858d7a9') in 0.025174 seconds 
  Import took 0.034822 seconds .

========================================================================
Received Import Request.
  Time since last request: 0.000193 seconds.
  path: Assets/FungusExamples/FungusTown/Materials/WhiteSmoke.jpg
  artifactKey: Guid(543d726c08c194e0394254ffeb6c9514) Importer(815301076,1909f56bfc062723c751e8b465ee728b)
Start importing Assets/FungusExamples/FungusTown/Materials/WhiteSmoke.jpg using Guid(543d726c08c194e0394254ffeb6c9514) Importer(815301076,1909f56bfc062723c751e8b465ee728b)  -> (artifact id: '77fad11f6646ae6e8fdd2688c1ef9ad7') in 0.035029 seconds 
  Import took 0.045034 seconds .

========================================================================
Received Import Request.
  Time since last request: 0.000219 seconds.
  path: Assets/Fungus/EditorResources/Icons/Pro/up.png
  artifactKey: Guid(2a76a781db2994b33b83cd84b8835da7) Importer(815301076,1909f56bfc062723c751e8b465ee728b)
Start importing Assets/Fungus/EditorResources/Icons/Pro/up.png using Guid(2a76a781db2994b33b83cd84b8835da7) Importer(815301076,1909f56bfc062723c751e8b465ee728b)  -> (artifact id: '67c79a9fa405e76cfef1b1fef4bab6fa') in 0.016070 seconds 
  Import took 0.026962 seconds .

========================================================================
Received Prepare
Refreshing native plugins compatible for Editor in 6.24 ms, found 3 plugins.
Preloading 0 native plugins for Editor in 0.00 ms.
Unloading 17 Unused Serialized files (Serialized files now loaded: 0)
System memory in use before: 112.4 MB.
System memory in use after: 112.5 MB.

Unloading 17 unused Assets to reduce memory usage. Loaded Objects now: 3554.
Total: 6.895200 ms (FindLiveObjects: 0.458600 ms CreateObjectMapping: 0.196300 ms MarkObjects: 6.107000 ms  DeleteObjects: 0.132100 ms)

AssetImportParameters requested are different than current active one (requested -> active):
  custom:framework-win-MediaFoundation: 216162199b28c13a410421893ffa2e32 -> 
  custom:video-decoder-ogg-theora: a1e56fd34408186e4bbccfd4996cb3dc -> 
  custom:container-muxer-webm: aa71ff27fc2769a1b78a27578f13a17b -> 
  custom:container-demuxer-webm: 4f35f7cbe854078d1ac9338744f61a02 -> 
  custom:container-demuxer-ogg: 62fdf1f143b41e24485cea50d1cbac27 -> 
  custom:video-encoder-webm-vp8: eb34c28f22e8b96e1ab97ce403110664 -> 
  custom:video-decoder-webm-vp8: 9c59270c3fd7afecdb556c50c9e8de78 -> 
  custom:audio-decoder-ogg-vorbis: bf7c407c2cedff20999df2af8eb42d56 -> 
  custom:audio-encoder-webm-vorbis: bf7c407c2cedff20999df2af8eb42d56 -> 
AssetImportWorkerClient::OnTransportError - code=2 error=End of file
